1689800065400	geckodriver	INFO	Listening on 127.0.0.1:33823
1689800066122	mozrunner::runner	INFO	Running command: MOZ_CRASHREPORTER="1" MOZ_CRASHREPORTER_NO_REPORT="1" MOZ_CRASHREPORTER_SHUTDOWN="1" MOZ_NO_REMOTE="1" "/sna ... ss" "--remote-debugging-port" "42973" "--remote-allow-hosts" "localhost" "-no-remote" "-profile" "/tmp/rust_mozprofile19t7Iy"
*** You are running in headless mode.
[GFX1-]: glxtest: Unable to open a connection to the X server
[GFX1-]: RenderCompositorSWGL failed mapping default framebuffer, no dt
1689800108346	geckodriver	INFO	Listening on 127.0.0.1:59007
1689800108643	mozrunner::runner	INFO	Running command: MOZ_CRASHREPORTER="1" MOZ_CRASHREPORTER_NO_REPORT="1" MOZ_CRASHREPORTER_SHUTDOWN="1" MOZ_NO_REMOTE="1" "/sna ... ss" "--remote-debugging-port" "45997" "--remote-allow-hosts" "localhost" "-no-remote" "-profile" "/tmp/rust_mozprofile85FcKt"
*** You are running in headless mode.
[GFX1-]: glxtest: Unable to open a connection to the X server
[GFX1-]: RenderCompositorSWGL failed mapping default framebuffer, no dt
1689800314929	geckodriver	INFO	Listening on 127.0.0.1:42247
1689800315287	mozrunner::runner	INFO	Running command: "/snap/firefox/current/firefox.launcher" "--marionette" "user-agent=Mozilla/5.0 (Windows NT 10.0; Win64; x64 ... ss" "--remote-debugging-port" "33131" "--remote-allow-hosts" "localhost" "-no-remote" "-profile" "/tmp/rust_mozprofileA8WmyD"
*** You are running in headless mode.
console.warn: services.settings: Ignoring preference override of remote settings server
console.warn: services.settings: Allow by setting MOZ_REMOTE_SETTINGS_DEVTOOLS=1 in the environment
[GFX1-]: glxtest: Unable to open a connection to the X server
1689800317821	Marionette	INFO	Marionette enabled
console.error: "Warning: unrecognized command line flag -mute-audio\n"
1689800318020	Marionette	INFO	Listening on port 39577
WebDriver BiDi listening on ws://127.0.0.1:33131
Read port: 39577
Read port: 39577
Read port: 39577
Read port: 39577
Read port: 39577
Read port: 39577
Read port: 39577
Read port: 39577
Read port: 39577
1689800327214	RemoteAgent	WARN	TLS certificate errors will be ignored for this session
[GFX1-]: RenderCompositorSWGL failed mapping default framebuffer, no dt
console.error: ({})
DevTools listening on ws://127.0.0.1:33131/devtools/browser/4bf3a1ab-d0d6-4577-963c-3cc3488087e1
console.error: (new TypeError("this._searchProviderInfo is null", "resource:///modules/SearchSERPTelemetry.sys.mjs", 638))
console.error: "update.locale" " file doesn't exist in either the application or GRE directories"
Exiting due to channel error.
Exiting due to channel error.
Exiting due to channel error.
Exiting due to channel error.
Exiting due to channel error.
Exiting due to channel error.
1689800366701	geckodriver	INFO	Listening on 127.0.0.1:38165
1689800367047	mozrunner::runner	INFO	Running command: "/snap/firefox/current/firefox.launcher" "--marionette" "user-agent=Mozilla/5.0 (Windows NT 10.0; Win64; x64 ... ss" "--remote-debugging-port" "43431" "--remote-allow-hosts" "localhost" "-no-remote" "-profile" "/tmp/rust_mozprofileKSmGBh"
*** You are running in headless mode.
console.warn: services.settings: Ignoring preference override of remote settings server
console.warn: services.settings: Allow by setting MOZ_REMOTE_SETTINGS_DEVTOOLS=1 in the environment
[GFX1-]: glxtest: Unable to open a connection to the X server
1689800367600	Marionette	INFO	Marionette enabled
console.error: "Warning: unrecognized command line flag -mute-audio\n"
1689800367772	Marionette	INFO	Listening on port 46575
WebDriver BiDi listening on ws://127.0.0.1:43431
Read port: 46575
Read port: 46575
Read port: 46575
Read port: 46575
Read port: 46575
Read port: 46575
Read port: 46575
Read port: 46575
1689800375776	RemoteAgent	WARN	TLS certificate errors will be ignored for this session
[GFX1-]: RenderCompositorSWGL failed mapping default framebuffer, no dt
console.error: ({})
console.error: Region.sys.mjs: "Error fetching region" (new AbortError("The operation was aborted. ", (void 0), 757))
console.error: Region.sys.mjs: "Failed to fetch region" (new Error("NO_RESULT", "resource://gre/modules/Region.sys.mjs", 411))
DevTools listening on ws://127.0.0.1:43431/devtools/browser/f01a9883-1f77-49c7-9a32-cb63055bb710
console.error: (new TypeError("this._searchProviderInfo is null", "resource:///modules/SearchSERPTelemetry.sys.mjs", 638))
console.error: "update.locale" " file doesn't exist in either the application or GRE directories"
Exiting due to channel error.
Exiting due to channel error.
Exiting due to channel error.
Exiting due to channel error.
Exiting due to channel error.
1689800411783	geckodriver	INFO	Listening on 127.0.0.1:55051
1689800412137	mozrunner::runner	INFO	Running command: "/snap/firefox/current/firefox.launcher" "--marionette" "user-agent=Mozilla/5.0 (Windows NT 10.0; Win64; x64 ... ss" "--remote-debugging-port" "38067" "--remote-allow-hosts" "localhost" "-no-remote" "-profile" "/tmp/rust_mozprofiledhrDcN"
*** You are running in headless mode.
console.warn: services.settings: Ignoring preference override of remote settings server
console.warn: services.settings: Allow by setting MOZ_REMOTE_SETTINGS_DEVTOOLS=1 in the environment
[GFX1-]: glxtest: Unable to open a connection to the X server
1689800412700	Marionette	INFO	Marionette enabled
console.error: "Warning: unrecognized command line flag -mute-audio\n"
1689800412852	Marionette	INFO	Listening on port 42843
WebDriver BiDi listening on ws://127.0.0.1:38067
Read port: 42843
Read port: 42843
Read port: 42843
Read port: 42843
1689800420331	RemoteAgent	WARN	TLS certificate errors will be ignored for this session
[GFX1-]: RenderCompositorSWGL failed mapping default framebuffer, no dt
console.error: ({})
console.error: Region.sys.mjs: "Error fetching region" (new AbortError("The operation was aborted. ", (void 0), 757))
console.error: Region.sys.mjs: "Failed to fetch region" (new Error("NO_RESULT", "resource://gre/modules/Region.sys.mjs", 411))
DevTools listening on ws://127.0.0.1:38067/devtools/browser/08cff870-1321-4590-92f1-3d5b80aadaea
console.error: (new TypeError("this._searchProviderInfo is null", "resource:///modules/SearchSERPTelemetry.sys.mjs", 638))
console.error: "update.locale" " file doesn't exist in either the application or GRE directories"
Exiting due to channel error.
Exiting due to channel error.
Exiting due to channel error.
Exiting due to channel error.
Exiting due to channel error.
Exiting due to channel error.
Exiting due to channel error.
Exiting due to channel error.
Exiting due to channel error.
Exiting due to channel error.
